e:\work\github\totalcommandline\formviewshell\debug\totalcommandline.pch
e:\work\github\totalcommandline\formviewshell\debug\vc141.pdb
e:\work\github\totalcommandline\formviewshell\debug\vc141.idb
e:\work\github\totalcommandline\formviewshell\debug\stdafx.obj
e:\work\github\totalcommandline\formviewshell\debug\formviewshell.obj
e:\work\github\totalcommandline\formviewshell\debug\formviewshelldoc.obj
e:\work\github\totalcommandline\formviewshell\debug\formviewshellview.obj
e:\work\github\totalcommandline\formviewshell\debug\mainfrm.obj
e:\work\github\totalcommandline\formviewshell\debug\operplus.obj
e:\work\github\totalcommandline\formviewshell\debug\previewdlg.obj
e:\work\github\totalcommandline\formviewshell\debug\resizedlg.obj
e:\work\github\totalcommandline\debug\totalcommandline.exe
e:\work\github\totalcommandline\debug\totalcommandline.ilk
e:\work\github\totalcommandline\debug\totalcommandline.pdb
e:\work\github\totalcommandline\formviewshell\debug\totalcommandline.exe.embed.manifest.res
e:\work\github\totalcommandline\formviewshell\debug\formviewshell.res
e:\work\github\totalcommandline\formviewshell\debug\totalcommandline.exe.embed.manifest
e:\work\github\totalcommandline\formviewshell\debug\totalcommandline_manifest.rc
e:\work\github\totalcommandline\formviewshell\debug\totalcommandline.tlog\cl.command.1.tlog
e:\work\github\totalcommandline\formviewshell\debug\totalcommandline.tlog\cl.read.1.tlog
e:\work\github\totalcommandline\formviewshell\debug\totalcommandline.tlog\cl.write.1.tlog
e:\work\github\totalcommandline\formviewshell\debug\totalcommandline.tlog\link.command.1.tlog
e:\work\github\totalcommandline\formviewshell\debug\totalcommandline.tlog\link.read.1.tlog
e:\work\github\totalcommandline\formviewshell\debug\totalcommandline.tlog\link.write.1.tlog
e:\work\github\totalcommandline\formviewshell\debug\totalcommandline.tlog\rc.command.1.tlog
e:\work\github\totalcommandline\formviewshell\debug\totalcommandline.tlog\rc.read.1.tlog
e:\work\github\totalcommandline\formviewshell\debug\totalcommandline.tlog\rc.write.1.tlog
